<?xml version="1.0" encoding="UTF-8"?>
<testsuite xmlns:xsi="http://www.w3.org/2001/XMLSchema-instance" xsi:noNamespaceSchemaLocation="https://maven.apache.org/surefire/maven-surefire-plugin/xsd/surefire-test-report-3.0.xsd" version="3.0" name="com.gastos.seguimiento.SeguimientoGastosApplicationTests" time="3.327" tests="1" errors="0" skipped="0" failures="0">
  <properties>
[...]
</properties>
  <testcase name="contextLoads" classname="com.gastos.seguimiento.SeguimientoGastosApplicationTests" time="0.623">
    <system-out><![CDATA[18:54:37.298 [main] INFO org.springframework.test.context.support.AnnotationConfigContextLoaderUtils -- Could not detect default configuration classes for test class [com.gastos.seguimiento.SeguimientoGastosApplicationTests]: SeguimientoGastosApplicationTests does not declare any static, non-private, non-final, nested classes annotated with @Configuration.
18:54:37.370 [main] INFO org.springframework.boot.test.context.SpringBootTestContextBootstrapper -- Found @SpringBootConfiguration com.gastos.seguimiento.SeguimientoGastosApplication for test class com.gastos.seguimiento.SeguimientoGastosApplicationTests

  .   ____          _            __ _ _
 /\\ / ___'_ __ _ _(_)_ __  __ _ \ \ \ \
( ( )\___ | '_ | '_| | '_ \/ _` | \ \ \ \
 \\/  ___)| |_)| | | | | || (_| |  ) ) ) )
  '  |____| .__|_| |_|_| |_\__, | / / / /
 =========|_|==============|___/=/_/_/_/

 :: Spring Boot ::                (v3.3.4)

2024-10-22T18:54:37.651-06:00  INFO 12052 --- [           main] c.g.s.SeguimientoGastosApplicationTests  : Starting SeguimientoGastosApplicationTests using Java 17.0.11 with PID 12052 (started by José in C:\Users\José\Downloads\git)
2024-10-22T18:54:37.652-06:00  INFO 12052 --- [           main] c.g.s.SeguimientoGastosApplicationTests  : No active profile set, falling back to 1 default profile: "default"
2024-10-22T18:54:38.110-06:00  INFO 12052 --- [           main] .s.d.r.c.RepositoryConfigurationDelegate : Bootstrapping Spring Data MongoDB repositories in DEFAULT mode.
2024-10-22T18:54:38.171-06:00  INFO 12052 --- [           main] .s.d.r.c.RepositoryConfigurationDelegate : Finished Spring Data repository scanning in 53 ms. Found 2 MongoDB repository interfaces.
AuthController initialized
2024-10-22T18:54:38.598-06:00  INFO 12052 --- [           main] org.mongodb.driver.client                : MongoClient with metadata {"driver": {"name": "mongo-java-driver|sync|spring-boot", "version": "5.0.1"}, "os": {"type": "Windows", "name": "Windows 11", "architecture": "amd64", "version": "10.0"}, "platform": "Java/Oracle Corporation/17.0.11+7-LTS-207"} created with settings MongoClientSettings{readPreference=primary, writeConcern=WriteConcern{w=null, wTimeout=null ms, journal=null}, retryWrites=true, retryReads=true, readConcern=ReadConcern{level=null}, credential=MongoCredential{mechanism=null, userName='memerson13', source='admin', password=<hidden>, mechanismProperties=<hidden>}, transportSettings=null, commandListeners=[], codecRegistry=ProvidersCodecRegistry{codecProviders=[ValueCodecProvider{}, BsonValueCodecProvider{}, DBRefCodecProvider{}, DBObjectCodecProvider{}, DocumentCodecProvider{}, CollectionCodecProvider{}, IterableCodecProvider{}, MapCodecProvider{}, GeoJsonCodecProvider{}, GridFSFileCodecProvider{}, Jsr310CodecProvider{}, JsonObjectCodecProvider{}, BsonCodecProvider{}, EnumCodecProvider{}, com.mongodb.client.model.mql.ExpressionCodecProvider@5489b1f7, com.mongodb.Jep395RecordCodecProvider@4faf104, com.mongodb.KotlinCodecProvider@5995851e]}, loggerSettings=LoggerSettings{maxDocumentLength=1000}, clusterSettings={hosts=[127.0.0.1:27017], srvHost=cluster0.bziuf5u.mongodb.net, srvServiceName=mongodb, mode=MULTIPLE, requiredClusterType=REPLICA_SET, requiredReplicaSetName='atlas-uqj5go-shard-0', serverSelector='null', clusterListeners='[]', serverSelectionTimeout='30000 ms', localThreshold='15 ms'}, socketSettings=SocketSettings{connectTimeoutMS=10000, readTimeoutMS=0, receiveBufferSize=0, proxySettings=ProxySettings{host=null, port=null, username=null, password=null}}, heartbeatSocketSettings=SocketSettings{connectTimeoutMS=10000, readTimeoutMS=10000, receiveBufferSize=0, proxySettings=ProxySettings{host=null, port=null, username=null, password=null}}, connectionPoolSettings=ConnectionPoolSettings{maxSize=100, minSize=0, maxWaitTimeMS=120000, maxConnectionLifeTimeMS=0, maxConnectionIdleTimeMS=0, maintenanceInitialDelayMS=0, maintenanceFrequencyMS=60000, connectionPoolListeners=[], maxConnecting=2}, serverSettings=ServerSettings{heartbeatFrequencyMS=10000, minHeartbeatFrequencyMS=500, serverListeners='[]', serverMonitorListeners='[]'}, sslSettings=SslSettings{enabled=true, invalidHostNameAllowed=false, context=null}, applicationName='null', compressorList=[], uuidRepresentation=JAVA_LEGACY, serverApi=null, autoEncryptionSettings=null, dnsClient=null, inetAddressResolver=null, contextProvider=null}
2024-10-22T18:54:38.644-06:00  INFO 12052 --- [f5u.mongodb.net] org.mongodb.driver.cluster               : Adding discovered server ac-kqzjdjb-shard-00-00.bziuf5u.mongodb.net:27017 to client view of cluster
2024-10-22T18:54:38.667-06:00  INFO 12052 --- [f5u.mongodb.net] org.mongodb.driver.cluster               : Adding discovered server ac-kqzjdjb-shard-00-01.bziuf5u.mongodb.net:27017 to client view of cluster
2024-10-22T18:54:38.669-06:00  INFO 12052 --- [f5u.mongodb.net] org.mongodb.driver.cluster               : Adding discovered server ac-kqzjdjb-shard-00-02.bziuf5u.mongodb.net:27017 to client view of cluster
2024-10-22T18:54:38.962-06:00  INFO 12052 --- [           main] r$InitializeUserDetailsManagerConfigurer : Global AuthenticationManager configured with UserDetailsService bean with name JWTUserDetailsService
2024-10-22T18:54:39.202-06:00  INFO 12052 --- [ngodb.net:27017] org.mongodb.driver.cluster               : Monitor thread successfully connected to server with description ServerDescription{address=ac-kqzjdjb-shard-00-00.bziuf5u.mongodb.net:27017, type=REPLICA_SET_SECONDARY, state=CONNECTED, ok=true, minWireVersion=0, maxWireVersion=21, maxDocumentSize=16777216, logicalSessionTimeoutMinutes=30, roundTripTimeNanos=328001500, setName='atlas-uqj5go-shard-0', canonicalAddress=ac-kqzjdjb-shard-00-00.bziuf5u.mongodb.net:27017, hosts=[ac-kqzjdjb-shard-00-01.bziuf5u.mongodb.net:27017, ac-kqzjdjb-shard-00-00.bziuf5u.mongodb.net:27017, ac-kqzjdjb-shard-00-02.bziuf5u.mongodb.net:27017], passives=[], arbiters=[], primary='ac-kqzjdjb-shard-00-01.bziuf5u.mongodb.net:27017', tagSet=TagSet{[Tag{name='availabilityZone', value='use1-az4'}, Tag{name='diskState', value='READY'}, Tag{name='nodeType', value='ELECTABLE'}, Tag{name='provider', value='AWS'}, Tag{name='region', value='US_EAST_1'}, Tag{name='workloadType', value='OPERATIONAL'}]}, electionId=null, setVersion=130, topologyVersion=TopologyVersion{processId=67172c2944c68ce6bbe10687, counter=4}, lastWriteDate=Tue Oct 22 18:54:40 CST 2024, lastUpdateTimeNanos=123913175427400}
2024-10-22T18:54:39.202-06:00  INFO 12052 --- [ngodb.net:27017] org.mongodb.driver.cluster               : Monitor thread successfully connected to server with description ServerDescription{address=ac-kqzjdjb-shard-00-01.bziuf5u.mongodb.net:27017, type=REPLICA_SET_PRIMARY, state=CONNECTED, ok=true, minWireVersion=0, maxWireVersion=21, maxDocumentSize=16777216, logicalSessionTimeoutMinutes=30, roundTripTimeNanos=328024000, setName='atlas-uqj5go-shard-0', canonicalAddress=ac-kqzjdjb-shard-00-01.bziuf5u.mongodb.net:27017, hosts=[ac-kqzjdjb-shard-00-01.bziuf5u.mongodb.net:27017, ac-kqzjdjb-shard-00-00.bziuf5u.mongodb.net:27017, ac-kqzjdjb-shard-00-02.bziuf5u.mongodb.net:27017], passives=[], arbiters=[], primary='ac-kqzjdjb-shard-00-01.bziuf5u.mongodb.net:27017', tagSet=TagSet{[Tag{name='availabilityZone', value='use1-az6'}, Tag{name='diskState', value='READY'}, Tag{name='nodeType', value='ELECTABLE'}, Tag{name='provider', value='AWS'}, Tag{name='region', value='US_EAST_1'}, Tag{name='workloadType', value='OPERATIONAL'}]}, electionId=7fffffff00000000000002c9, setVersion=130, topologyVersion=TopologyVersion{processId=67172b57e9a14bfe815cd120, counter=6}, lastWriteDate=Tue Oct 22 18:54:40 CST 2024, lastUpdateTimeNanos=123913175478100}
2024-10-22T18:54:39.202-06:00  INFO 12052 --- [ngodb.net:27017] org.mongodb.driver.cluster               : Monitor thread successfully connected to server with description ServerDescription{address=ac-kqzjdjb-shard-00-02.bziuf5u.mongodb.net:27017, type=REPLICA_SET_SECONDARY, state=CONNECTED, ok=true, minWireVersion=0, maxWireVersion=21, maxDocumentSize=16777216, logicalSessionTimeoutMinutes=30, roundTripTimeNanos=329547200, setName='atlas-uqj5go-shard-0', canonicalAddress=ac-kqzjdjb-shard-00-02.bziuf5u.mongodb.net:27017, hosts=[ac-kqzjdjb-shard-00-01.bziuf5u.mongodb.net:27017, ac-kqzjdjb-shard-00-00.bziuf5u.mongodb.net:27017, ac-kqzjdjb-shard-00-02.bziuf5u.mongodb.net:27017], passives=[], arbiters=[], primary='ac-kqzjdjb-shard-00-01.bziuf5u.mongodb.net:27017', tagSet=TagSet{[Tag{name='availabilityZone', value='use1-az5'}, Tag{name='diskState', value='READY'}, Tag{name='nodeType', value='ELECTABLE'}, Tag{name='provider', value='AWS'}, Tag{name='region', value='US_EAST_1'}, Tag{name='workloadType', value='OPERATIONAL'}]}, electionId=null, setVersion=130, topologyVersion=TopologyVersion{processId=67172d90734237935673976a, counter=3}, lastWriteDate=Tue Oct 22 18:54:40 CST 2024, lastUpdateTimeNanos=123913175059900}
2024-10-22T18:54:39.210-06:00  INFO 12052 --- [ngodb.net:27017] org.mongodb.driver.cluster               : Discovered replica set primary ac-kqzjdjb-shard-00-01.bziuf5u.mongodb.net:27017 with max election id 7fffffff00000000000002c9 and max set version 130
2024-10-22T18:54:39.855-06:00  INFO 12052 --- [           main] c.g.s.SeguimientoGastosApplicationTests  : Started SeguimientoGastosApplicationTests in 2.375 seconds (process running for 3.001)
]]></system-out>
  </testcase>
</testsuite>